INFO 2020-12-10 17:25:05,452 autoreload 11436 10940 Watching for file changes with StatReloader
INFO 2020-12-10 17:25:19,662 basehttp 11436 6668 "OPTIONS /api-token-login/ HTTP/1.1" 200 0
INFO 2020-12-10 17:25:19,866 views 11436 6668 {'non_field_errors': [ErrorDetail(string='Credentials were not correct', code='invalid')]}
ERROR 2020-12-10 17:25:19,913 log 11436 6668 Internal Server Error: /api-token-login/
Traceback (most recent call last):
  File "E:\DSM\DjangoBack\Deviation\Registration\views.py", line 205, in post
    serializer.is_valid(raise_exception=True)
  File "E:\DSM\DjangoBack\dsmvenv\lib\site-packages\rest_framework\serializers.py", line 242, in is_valid
    raise ValidationError(self.errors)
rest_framework.exceptions.ValidationError: {'non_field_errors': [ErrorDetail(string='Credentials were not correct', code='invalid')]}

During handling of the above exception, another exception occurred:

Traceback (most recent call last):
  File "E:\DSM\DjangoBack\dsmvenv\lib\site-packages\django\core\handlers\exception.py", line 34, in inner
    response = get_response(request)
  File "E:\DSM\DjangoBack\dsmvenv\lib\site-packages\django\core\handlers\base.py", line 115, in _get_response
    response = self.process_exception_by_middleware(e, request)
  File "E:\DSM\DjangoBack\dsmvenv\lib\site-packages\django\core\handlers\base.py", line 113, in _get_response
    response = wrapped_callback(request, *callback_args, **callback_kwargs)
  File "E:\DSM\DjangoBack\dsmvenv\lib\site-packages\django\views\decorators\csrf.py", line 54, in wrapped_view
    return view_func(*args, **kwargs)
  File "E:\DSM\DjangoBack\dsmvenv\lib\site-packages\django\views\generic\base.py", line 71, in view
    return self.dispatch(request, *args, **kwargs)
  File "E:\DSM\DjangoBack\dsmvenv\lib\site-packages\rest_framework\views.py", line 505, in dispatch
    response = self.handle_exception(exc)
  File "E:\DSM\DjangoBack\dsmvenv\lib\site-packages\rest_framework\views.py", line 465, in handle_exception
    self.raise_uncaught_exception(exc)
  File "E:\DSM\DjangoBack\dsmvenv\lib\site-packages\rest_framework\views.py", line 476, in raise_uncaught_exception
    raise exc
  File "E:\DSM\DjangoBack\dsmvenv\lib\site-packages\rest_framework\views.py", line 502, in dispatch
    response = handler(request, *args, **kwargs)
  File "E:\DSM\DjangoBack\Deviation\Registration\views.py", line 270, in post
    return JsonResponse('not success',status=404)
  File "E:\DSM\DjangoBack\dsmvenv\lib\site-packages\django\http\response.py", line 554, in __init__
    raise TypeError(
TypeError: In order to allow non-dict objects to be serialized set the safe parameter to False.
ERROR 2020-12-10 17:25:19,913 basehttp 11436 6668 "POST /api-token-login/ HTTP/1.1" 500 19087
INFO 2020-12-10 17:26:10,559 autoreload 11436 10940 E:\DSM\DjangoBack\Deviation\Registration\views.py changed, reloading.
INFO 2020-12-10 17:26:11,328 autoreload 9308 15732 Watching for file changes with StatReloader
ERROR 2020-12-10 17:26:16,297 log 9308 12540 Internal Server Error: /api-token-login/
Traceback (most recent call last):
  File "E:\DSM\DjangoBack\Deviation\Registration\views.py", line 205, in post
    serializer.is_valid(raise_exception=True)
  File "E:\DSM\DjangoBack\dsmvenv\lib\site-packages\rest_framework\serializers.py", line 242, in is_valid
    raise ValidationError(self.errors)
rest_framework.exceptions.ValidationError: {'non_field_errors': [ErrorDetail(string='Credentials were not correct', code='invalid')]}

During handling of the above exception, another exception occurred:

Traceback (most recent call last):
  File "E:\DSM\DjangoBack\dsmvenv\lib\site-packages\django\core\handlers\exception.py", line 34, in inner
    response = get_response(request)
  File "E:\DSM\DjangoBack\dsmvenv\lib\site-packages\django\core\handlers\base.py", line 115, in _get_response
    response = self.process_exception_by_middleware(e, request)
  File "E:\DSM\DjangoBack\dsmvenv\lib\site-packages\django\core\handlers\base.py", line 113, in _get_response
    response = wrapped_callback(request, *callback_args, **callback_kwargs)
  File "E:\DSM\DjangoBack\dsmvenv\lib\site-packages\django\views\decorators\csrf.py", line 54, in wrapped_view
    return view_func(*args, **kwargs)
  File "E:\DSM\DjangoBack\dsmvenv\lib\site-packages\django\views\generic\base.py", line 71, in view
    return self.dispatch(request, *args, **kwargs)
  File "E:\DSM\DjangoBack\dsmvenv\lib\site-packages\rest_framework\views.py", line 505, in dispatch
    response = self.handle_exception(exc)
  File "E:\DSM\DjangoBack\dsmvenv\lib\site-packages\rest_framework\views.py", line 465, in handle_exception
    self.raise_uncaught_exception(exc)
  File "E:\DSM\DjangoBack\dsmvenv\lib\site-packages\rest_framework\views.py", line 476, in raise_uncaught_exception
    raise exc
  File "E:\DSM\DjangoBack\dsmvenv\lib\site-packages\rest_framework\views.py", line 502, in dispatch
    response = handler(request, *args, **kwargs)
  File "E:\DSM\DjangoBack\Deviation\Registration\views.py", line 269, in post
    logger.info('invalid details of santhos'+e)
TypeError: can only concatenate str (not "ValidationError") to str
ERROR 2020-12-10 17:26:16,299 basehttp 9308 12540 "POST /api-token-login/ HTTP/1.1" 500 18906
INFO 2020-12-10 17:28:37,703 autoreload 9308 15732 E:\DSM\DjangoBack\Deviation\Registration\views.py changed, reloading.
INFO 2020-12-10 17:28:38,605 autoreload 5796 12700 Watching for file changes with StatReloader
ERROR 2020-12-10 17:28:43,166 log 5796 11856 Internal Server Error: /api-token-login/
Traceback (most recent call last):
  File "E:\DSM\DjangoBack\Deviation\Registration\views.py", line 205, in post
    serializer.is_valid(raise_exception=True)
  File "E:\DSM\DjangoBack\dsmvenv\lib\site-packages\rest_framework\serializers.py", line 242, in is_valid
    raise ValidationError(self.errors)
rest_framework.exceptions.ValidationError: {'non_field_errors': [ErrorDetail(string='Credentials were not correct', code='invalid')]}

During handling of the above exception, another exception occurred:

Traceback (most recent call last):
  File "E:\DSM\DjangoBack\dsmvenv\lib\site-packages\django\core\handlers\exception.py", line 34, in inner
    response = get_response(request)
  File "E:\DSM\DjangoBack\dsmvenv\lib\site-packages\django\core\handlers\base.py", line 115, in _get_response
    response = self.process_exception_by_middleware(e, request)
  File "E:\DSM\DjangoBack\dsmvenv\lib\site-packages\django\core\handlers\base.py", line 113, in _get_response
    response = wrapped_callback(request, *callback_args, **callback_kwargs)
  File "E:\DSM\DjangoBack\dsmvenv\lib\site-packages\django\views\decorators\csrf.py", line 54, in wrapped_view
    return view_func(*args, **kwargs)
  File "E:\DSM\DjangoBack\dsmvenv\lib\site-packages\django\views\generic\base.py", line 71, in view
    return self.dispatch(request, *args, **kwargs)
  File "E:\DSM\DjangoBack\dsmvenv\lib\site-packages\rest_framework\views.py", line 505, in dispatch
    response = self.handle_exception(exc)
  File "E:\DSM\DjangoBack\dsmvenv\lib\site-packages\rest_framework\views.py", line 465, in handle_exception
    self.raise_uncaught_exception(exc)
  File "E:\DSM\DjangoBack\dsmvenv\lib\site-packages\rest_framework\views.py", line 476, in raise_uncaught_exception
    raise exc
  File "E:\DSM\DjangoBack\dsmvenv\lib\site-packages\rest_framework\views.py", line 502, in dispatch
    response = handler(request, *args, **kwargs)
  File "E:\DSM\DjangoBack\Deviation\Registration\views.py", line 269, in post
    logging.info('invalid details of santhos'+e)
TypeError: can only concatenate str (not "ValidationError") to str
ERROR 2020-12-10 17:28:43,168 basehttp 5796 11856 "POST /api-token-login/ HTTP/1.1" 500 18907
INFO 2020-12-10 17:29:33,782 autoreload 5796 12700 E:\DSM\DjangoBack\Deviation\Registration\views.py changed, reloading.
INFO 2020-12-10 17:29:34,551 autoreload 16516 12988 Watching for file changes with StatReloader
INFO 2020-12-10 17:29:38,610 views 16516 12960 invalid details of santhos
ERROR 2020-12-10 17:29:38,626 log 16516 12960 Internal Server Error: /api-token-login/
Traceback (most recent call last):
  File "E:\DSM\DjangoBack\Deviation\Registration\views.py", line 205, in post
    serializer.is_valid(raise_exception=True)
  File "E:\DSM\DjangoBack\dsmvenv\lib\site-packages\rest_framework\serializers.py", line 242, in is_valid
    raise ValidationError(self.errors)
rest_framework.exceptions.ValidationError: {'non_field_errors': [ErrorDetail(string='Credentials were not correct', code='invalid')]}

During handling of the above exception, another exception occurred:

Traceback (most recent call last):
  File "E:\DSM\DjangoBack\dsmvenv\lib\site-packages\django\core\handlers\exception.py", line 34, in inner
    response = get_response(request)
  File "E:\DSM\DjangoBack\dsmvenv\lib\site-packages\django\core\handlers\base.py", line 115, in _get_response
    response = self.process_exception_by_middleware(e, request)
  File "E:\DSM\DjangoBack\dsmvenv\lib\site-packages\django\core\handlers\base.py", line 113, in _get_response
    response = wrapped_callback(request, *callback_args, **callback_kwargs)
  File "E:\DSM\DjangoBack\dsmvenv\lib\site-packages\django\views\decorators\csrf.py", line 54, in wrapped_view
    return view_func(*args, **kwargs)
  File "E:\DSM\DjangoBack\dsmvenv\lib\site-packages\django\views\generic\base.py", line 71, in view
    return self.dispatch(request, *args, **kwargs)
  File "E:\DSM\DjangoBack\dsmvenv\lib\site-packages\rest_framework\views.py", line 505, in dispatch
    response = self.handle_exception(exc)
  File "E:\DSM\DjangoBack\dsmvenv\lib\site-packages\rest_framework\views.py", line 465, in handle_exception
    self.raise_uncaught_exception(exc)
  File "E:\DSM\DjangoBack\dsmvenv\lib\site-packages\rest_framework\views.py", line 476, in raise_uncaught_exception
    raise exc
  File "E:\DSM\DjangoBack\dsmvenv\lib\site-packages\rest_framework\views.py", line 502, in dispatch
    response = handler(request, *args, **kwargs)
  File "E:\DSM\DjangoBack\Deviation\Registration\views.py", line 270, in post
    return JsonResponse('not success',status=404)
  File "E:\DSM\DjangoBack\dsmvenv\lib\site-packages\django\http\response.py", line 554, in __init__
    raise TypeError(
TypeError: In order to allow non-dict objects to be serialized set the safe parameter to False.
ERROR 2020-12-10 17:29:38,628 basehttp 16516 12960 "POST /api-token-login/ HTTP/1.1" 500 19087
INFO 2020-12-10 17:31:07,703 autoreload 16516 12988 E:\DSM\DjangoBack\Deviation\Registration\views.py changed, reloading.
INFO 2020-12-10 17:31:08,502 autoreload 14572 8004 Watching for file changes with StatReloader
INFO 2020-12-14 10:17:24,690 autoreload 10544 11468 Watching for file changes with StatReloader
INFO 2020-12-14 10:17:43,545 basehttp 10544 11988 "OPTIONS /api-token-login/ HTTP/1.1" 200 0
INFO 2020-12-14 10:17:43,779 basehttp 10544 11988 "POST /api-token-login/ HTTP/1.1" 200 9622
INFO 2020-12-14 10:17:43,888 basehttp 10544 11988 "POST /pendingUsers HTTP/1.1" 200 110
INFO 2020-12-14 10:51:43,649 basehttp 10544 13928 "OPTIONS /file/disbursements HTTP/1.1" 200 0
INFO 2020-12-14 10:51:43,839 basehttp 10544 13928 "POST /file/disbursements HTTP/1.1" 200 23101
INFO 2020-12-14 10:52:04,227 basehttp 10544 13928 "POST /file/disbursements HTTP/1.1" 200 23101
INFO 2020-12-14 10:52:31,282 basehttp 10544 13928 "POST /rejectlist HTTP/1.1" 200 40
INFO 2020-12-14 10:52:31,315 basehttp 10544 13920 "GET /fetchData HTTP/1.1" 200 2
INFO 2020-12-14 10:52:41,748 autoreload 4604 9340 Watching for file changes with StatReloader
INFO 2020-12-14 10:53:10,877 basehttp 4604 4056 "POST /file/disbursements HTTP/1.1" 200 23101
INFO 2020-12-14 10:55:10,324 basehttp 4604 4056 "POST /file/disbursements HTTP/1.1" 200 23101
INFO 2020-12-14 10:55:45,191 basehttp 4604 4056 "POST /file/disbursements HTTP/1.1" 200 23101
INFO 2020-12-14 10:55:51,179 basehttp 4604 13620 "GET /get-mo-users HTTP/1.1" 200 730
INFO 2020-12-14 10:56:57,902 basehttp 4604 13620 "POST /file/disbursements HTTP/1.1" 200 23101
INFO 2020-12-14 11:01:26,972 basehttp 4604 13620 "POST /file/disbursements HTTP/1.1" 200 23101
INFO 2020-12-14 11:03:21,817 basehttp 4604 13620 "POST /file/disbursements HTTP/1.1" 200 23101
INFO 2020-12-14 11:04:34,057 basehttp 4604 13620 "POST /file/disbursements HTTP/1.1" 200 23101
INFO 2020-12-14 11:57:37,870 basehttp 4604 13624 "POST /file/disbursements HTTP/1.1" 200 23101
INFO 2020-12-14 12:00:31,962 basehttp 4604 18176 "POST /file/disbursements HTTP/1.1" 200 23101
INFO 2020-12-14 12:01:17,142 basehttp 4604 18176 "POST /file/disbursements HTTP/1.1" 200 23101
INFO 2020-12-14 12:03:24,169 basehttp 4604 11380 "POST /file/disbursements HTTP/1.1" 200 23101
INFO 2020-12-14 12:27:17,750 basehttp 4604 15468 "POST /file/disbursements HTTP/1.1" 200 23101
INFO 2020-12-14 12:27:48,161 basehttp 4604 3484 "POST /file/disbursements HTTP/1.1" 200 23101
INFO 2020-12-14 12:31:08,052 basehttp 4604 3484 "POST /file/disbursements HTTP/1.1" 200 23101
INFO 2020-12-14 12:31:56,745 basehttp 4604 10604 "POST /file/disbursements HTTP/1.1" 200 23101
INFO 2020-12-14 12:32:03,087 basehttp 4604 6568 "POST /file/disbursements HTTP/1.1" 200 23101
INFO 2020-12-14 12:35:27,028 basehttp 4604 14424 "POST /file/disbursements HTTP/1.1" 200 23101
INFO 2020-12-14 12:39:28,468 basehttp 4604 5352 "POST /file/disbursements HTTP/1.1" 200 23101
INFO 2020-12-14 12:46:15,586 basehttp 4604 968 "POST /file/disbursements HTTP/1.1" 200 23101
INFO 2020-12-14 13:00:25,032 basehttp 4604 11048 "OPTIONS /file/disbursements HTTP/1.1" 200 0
INFO 2020-12-14 13:00:25,110 basehttp 4604 11048 "POST /file/disbursements HTTP/1.1" 200 23101
INFO 2020-12-14 14:25:03,827 autoreload 4604 9340 E:\DSM\DjangoBack\Deviation\WeeklyUpload\views.py changed, reloading.
INFO 2020-12-14 14:25:04,688 autoreload 5492 4548 Watching for file changes with StatReloader
INFO 2020-12-14 14:25:11,413 autoreload 5492 4548 E:\DSM\DjangoBack\Deviation\WeeklyUpload\views.py changed, reloading.
INFO 2020-12-14 14:25:12,194 autoreload 4312 2976 Watching for file changes with StatReloader
INFO 2020-12-14 14:27:32,835 basehttp 4312 2348 "POST /file/disbursements HTTP/1.1" 200 23116
INFO 2020-12-14 14:28:55,676 basehttp 4312 18968 "POST /file/disbursements HTTP/1.1" 200 23116
INFO 2020-12-14 14:30:57,292 basehttp 4312 7632 "POST /file/disbursements HTTP/1.1" 200 23116
INFO 2020-12-14 14:31:28,917 basehttp 4312 1868 "POST /file/disbursements HTTP/1.1" 200 23116
INFO 2020-12-14 14:32:00,197 basehttp 4312 15980 "POST /file/disbursements HTTP/1.1" 200 23116
INFO 2020-12-14 14:32:30,326 basehttp 4312 11952 "POST /file/disbursements HTTP/1.1" 200 23116
INFO 2020-12-14 15:14:22,251 basehttp 4312 8488 "OPTIONS /file/disbursements HTTP/1.1" 200 0
INFO 2020-12-14 15:14:22,325 basehttp 4312 8488 "POST /file/disbursements HTTP/1.1" 200 23116
INFO 2020-12-14 15:16:19,876 basehttp 4312 8488 "POST /file/disbursements HTTP/1.1" 200 23116
INFO 2020-12-14 15:17:08,283 basehttp 4312 8488 "POST /file/disbursements HTTP/1.1" 200 23116
INFO 2020-12-14 15:18:56,405 basehttp 4312 8488 "POST /file/disbursements HTTP/1.1" 200 23116
INFO 2020-12-14 15:20:42,221 basehttp 4312 8488 "POST /file/disbursements HTTP/1.1" 200 23116
INFO 2020-12-14 15:21:11,108 basehttp 4312 8488 "POST /file/disbursements HTTP/1.1" 200 23116
INFO 2020-12-14 15:26:51,707 basehttp 4312 4696 "POST /file/disbursements HTTP/1.1" 200 23116
INFO 2020-12-14 15:28:04,926 basehttp 4312 4696 "POST /file/disbursements HTTP/1.1" 200 23116
INFO 2020-12-14 15:28:39,395 basehttp 4312 4696 "POST /file/disbursements HTTP/1.1" 200 23116
INFO 2020-12-14 15:29:02,564 basehttp 4312 4696 "POST /file/disbursements HTTP/1.1" 200 23116
INFO 2020-12-14 15:34:05,287 basehttp 4312 6004 "POST /file/disbursements HTTP/1.1" 200 23116
INFO 2020-12-14 15:34:33,662 basehttp 4312 6004 "POST /file/disbursements HTTP/1.1" 200 23116
INFO 2020-12-14 15:35:52,778 basehttp 4312 6004 "POST /file/disbursements HTTP/1.1" 200 23116
INFO 2020-12-14 15:36:56,408 basehttp 4312 15800 "POST /file/disbursements HTTP/1.1" 200 23116
INFO 2020-12-14 15:38:42,102 basehttp 4312 15800 "POST /file/disbursements HTTP/1.1" 200 23116
INFO 2020-12-14 15:40:24,254 basehttp 4312 15800 "POST /file/disbursements HTTP/1.1" 200 23116
INFO 2020-12-14 15:41:43,909 basehttp 4312 15800 "POST /file/disbursements HTTP/1.1" 200 23116
INFO 2020-12-14 15:43:28,376 basehttp 4312 15800 "POST /file/disbursements HTTP/1.1" 200 23116
INFO 2020-12-14 15:44:05,488 basehttp 4312 15800 "POST /file/disbursements HTTP/1.1" 200 23116
INFO 2020-12-14 15:46:14,821 basehttp 4312 5568 "POST /file/disbursements HTTP/1.1" 200 23116
INFO 2020-12-14 15:47:04,426 basehttp 4312 18868 "POST /file/disbursements HTTP/1.1" 200 23116
INFO 2020-12-14 15:56:13,482 basehttp 4312 13944 "POST /file/disbursements HTTP/1.1" 200 23116
INFO 2020-12-14 15:57:16,528 basehttp 4312 18692 "POST /file/disbursements HTTP/1.1" 200 23116
INFO 2020-12-14 15:58:29,708 basehttp 4312 18692 "POST /file/disbursements HTTP/1.1" 200 23116
INFO 2020-12-14 15:59:13,699 basehttp 4312 18692 "POST /file/disbursements HTTP/1.1" 200 23116
INFO 2020-12-14 16:01:13,892 basehttp 4312 18692 "POST /file/disbursements HTTP/1.1" 200 23116
INFO 2020-12-14 16:03:58,130 basehttp 4312 18692 "POST /file/disbursements HTTP/1.1" 200 23116
INFO 2020-12-14 16:06:50,128 basehttp 4312 18692 "POST /file/disbursements HTTP/1.1" 200 23116
INFO 2020-12-14 16:07:02,910 basehttp 4312 18692 "POST /file/disbursements HTTP/1.1" 200 427
INFO 2020-12-14 16:07:25,546 basehttp 4312 18692 "POST /file/disbursements HTTP/1.1" 200 23116
INFO 2020-12-14 16:08:12,070 basehttp 4312 18692 "POST /file/disbursements HTTP/1.1" 200 23116
INFO 2020-12-14 16:08:51,780 basehttp 4312 18692 "POST /file/disbursements HTTP/1.1" 200 23116
INFO 2020-12-14 16:09:15,935 basehttp 4312 18692 "POST /file/disbursements HTTP/1.1" 200 23116
INFO 2020-12-14 16:09:59,390 basehttp 4312 18692 "POST /file/disbursements HTTP/1.1" 200 23116
INFO 2020-12-14 16:12:41,030 basehttp 4312 18692 "POST /file/disbursements HTTP/1.1" 200 23116
INFO 2020-12-14 16:12:52,065 basehttp 4312 18692 "POST /file/disbursements HTTP/1.1" 200 427
INFO 2020-12-14 16:13:39,885 basehttp 4312 18692 "POST /file/disbursements HTTP/1.1" 200 23116
INFO 2020-12-14 16:13:42,818 basehttp 4312 18692 "POST /file/disbursements HTTP/1.1" 200 435
INFO 2020-12-14 16:13:50,040 basehttp 4312 18692 "POST /file/disbursements HTTP/1.1" 200 23116
INFO 2020-12-14 16:15:25,549 basehttp 4312 18692 "POST /file/disbursements HTTP/1.1" 200 23116
INFO 2020-12-14 16:15:34,067 basehttp 4312 18692 "POST /file/disbursements HTTP/1.1" 200 427
INFO 2020-12-14 16:16:19,800 basehttp 4312 18692 "POST /file/disbursements HTTP/1.1" 200 23116
INFO 2020-12-14 16:16:26,416 basehttp 4312 18692 "POST /file/disbursements HTTP/1.1" 200 427
INFO 2020-12-14 16:19:10,338 basehttp 4312 18692 "POST /file/disbursements HTTP/1.1" 200 23116
INFO 2020-12-14 16:19:20,955 basehttp 4312 18692 "POST /file/disbursements HTTP/1.1" 200 427
INFO 2020-12-14 16:20:54,671 basehttp 4312 18692 "POST /file/disbursements HTTP/1.1" 200 23116
INFO 2020-12-14 17:25:38,744 autoreload 4312 2976 E:\DSM\DjangoBack\Deviation\Registration\views.py changed, reloading.
INFO 2020-12-14 17:25:39,700 autoreload 6840 15016 Watching for file changes with StatReloader
INFO 2020-12-15 10:21:04,658 autoreload 7104 3124 Watching for file changes with StatReloader
INFO 2020-12-15 10:33:44,836 basehttp 7104 9568 "OPTIONS /api-token-login/ HTTP/1.1" 200 0
INFO 2020-12-15 10:33:45,070 basehttp 7104 9568 "POST /api-token-login/ HTTP/1.1" 200 9622
INFO 2020-12-15 10:33:45,172 basehttp 7104 9568 "POST /pendingUsers HTTP/1.1" 200 110
INFO 2020-12-15 10:39:01,999 basehttp 7104 18224 "OPTIONS /file/disbursementStatus HTTP/1.1" 200 0
INFO 2020-12-15 10:39:02,184 basehttp 7104 18224 "POST /file/disbursementStatus HTTP/1.1" 200 6236
INFO 2020-12-15 10:40:01,151 basehttp 7104 14120 "OPTIONS /api-token-login/ HTTP/1.1" 200 0
INFO 2020-12-15 10:40:01,656 basehttp 7104 14120 "POST /api-token-login/ HTTP/1.1" 200 9622
INFO 2020-12-15 10:40:02,953 basehttp 7104 14120 "POST /api-token-login/ HTTP/1.1" 200 9622
INFO 2020-12-15 10:40:03,078 basehttp 7104 8300 "POST /pendingUsers HTTP/1.1" 200 110
INFO 2020-12-15 10:40:15,269 basehttp 7104 8300 "OPTIONS /file/CheckingBeforeSRPCBills HTTP/1.1" 200 0
INFO 2020-12-15 10:40:15,656 basehttp 7104 8300 "POST /file/CheckingBeforeSRPCBills HTTP/1.1" 200 1
INFO 2020-12-15 10:40:24,609 basehttp 7104 8300 "POST /file/srpcPdfFile HTTP/1.1" 200 23361
INFO 2020-12-15 10:42:33,579 basehttp 7104 8300 "OPTIONS /file/wrer HTTP/1.1" 200 0
INFO 2020-12-15 10:42:33,938 basehttp 7104 8300 "POST /file/wrer HTTP/1.1" 200 9
INFO 2020-12-15 10:42:42,578 basehttp 7104 8300 "POST /file/srpcFile HTTP/1.1" 200 74
INFO 2020-12-15 10:42:44,006 basehttp 7104 9356 "GET /static/images/SRPC/2020-21/Week_No34/SRPC%20Filedsm16-22nov20.pdf HTTP/1.1" 200 146082
WARNING 2020-12-15 10:42:44,193 log 7104 9568 Not Found: /favicon.ico
WARNING 2020-12-15 10:42:44,193 basehttp 7104 9568 "GET /favicon.ico HTTP/1.1" 404 8316
INFO 2020-12-15 10:43:02,557 basehttp 7104 8300 "OPTIONS /file/validateJson HTTP/1.1" 200 0
INFO 2020-12-15 10:43:02,978 basehttp 7104 8300 "POST /file/validateJson HTTP/1.1" 200 190
INFO 2020-12-15 10:45:21,643 basehttp 7104 8300 "OPTIONS /createuser HTTP/1.1" 200 0
INFO 2020-12-15 10:45:22,268 basehttp 7104 8300 "POST /createuser HTTP/1.1" 200 21
INFO 2020-12-15 10:45:29,895 basehttp 7104 8300 "POST /file/CheckingBeforeSRPCBills HTTP/1.1" 200 1
INFO 2020-12-15 10:45:45,995 basehttp 7104 8300 "POST /file/srpcPdfFile HTTP/1.1" 200 23361
INFO 2020-12-15 10:46:22,215 basehttp 7104 8300 "POST /file/wrer HTTP/1.1" 200 9
INFO 2020-12-15 10:46:36,254 basehttp 7104 8300 "POST /file/srpcFile HTTP/1.1" 200 74
INFO 2020-12-15 10:46:38,409 basehttp 7104 9568 "GET /static/images/SRPC/2020-21/Week_No34/SRPC%20Filedsm16-22nov20.pdf HTTP/1.1" 200 146082
INFO 2020-12-15 10:46:47,018 basehttp 7104 8300 "POST /file/validateJson HTTP/1.1" 200 172
INFO 2020-12-15 10:46:55,315 basehttp 7104 8300 "OPTIONS /file/storeConfigured HTTP/1.1" 200 0
INFO 2020-12-15 10:46:55,838 basehttp 7104 8300 "POST /file/storeConfigured HTTP/1.1" 200 13146
INFO 2020-12-15 10:55:43,804 basehttp 7104 12452 "POST /file/disbursementStatus HTTP/1.1" 200 6236
INFO 2020-12-15 11:07:29,065 basehttp 7104 18832 "POST /pendingUsers HTTP/1.1" 200 110
INFO 2020-12-15 11:13:41,425 basehttp 7104 10812 "OPTIONS /file/initial-viewpayments HTTP/1.1" 200 0
INFO 2020-12-15 11:13:41,737 basehttp 7104 10812 "POST /file/initial-viewpayments HTTP/1.1" 200 5074
INFO 2020-12-15 11:43:14,932 basehttp 7104 18768 "OPTIONS /api-token-login/ HTTP/1.1" 200 0
INFO 2020-12-15 11:43:15,463 basehttp 7104 18768 "POST /api-token-login/ HTTP/1.1" 200 9537
INFO 2020-12-15 11:43:16,306 basehttp 7104 18768 "POST /pendingUsers HTTP/1.1" 200 110
INFO 2020-12-15 11:43:21,717 basehttp 7104 18768 "POST /rejectlist HTTP/1.1" 200 40
INFO 2020-12-15 11:43:21,811 basehttp 7104 4516 "GET /fetchData HTTP/1.1" 200 2
INFO 2020-12-15 11:43:26,718 basehttp 7104 4516 "GET /get-all-users HTTP/1.1" 200 94534
INFO 2020-12-15 11:51:33,092 basehttp 7104 18016 "POST /pendingUsers HTTP/1.1" 200 110
INFO 2020-12-15 11:51:50,664 basehttp 7104 18016 "OPTIONS /file/disbursements HTTP/1.1" 200 0
INFO 2020-12-15 11:51:50,735 basehttp 7104 18016 "POST /file/disbursements HTTP/1.1" 200 23115
INFO 2020-12-15 11:52:09,310 basehttp 7104 18016 "OPTIONS /file/ImagetoBase64 HTTP/1.1" 200 0
INFO 2020-12-15 11:52:09,457 basehttp 7104 18016 "POST /file/ImagetoBase64 HTTP/1.1" 200 377042
INFO 2020-12-15 12:02:06,906 basehttp 7104 17896 "POST /api-token-login/ HTTP/1.1" 200 9622
INFO 2020-12-15 12:02:07,344 basehttp 7104 17896 "POST /pendingUsers HTTP/1.1" 200 110
INFO 2020-12-15 12:03:18,670 basehttp 7104 17896 "POST /file/initial-viewpayments HTTP/1.1" 200 5074
INFO 2020-12-15 12:06:25,009 basehttp 7104 17896 "OPTIONS /file/paymentDetails HTTP/1.1" 200 0
INFO 2020-12-15 12:06:25,342 basehttp 7104 17896 "POST /file/paymentDetails HTTP/1.1" 200 9
INFO 2020-12-15 12:06:25,854 basehttp 7104 17896 "POST /file/initial-viewpayments HTTP/1.1" 200 4912
INFO 2020-12-15 12:06:37,579 basehttp 7104 17896 "POST /file/paymentDetails HTTP/1.1" 200 9
INFO 2020-12-15 12:06:38,071 basehttp 7104 17896 "POST /file/initial-viewpayments HTTP/1.1" 200 4738
INFO 2020-12-15 12:06:57,447 basehttp 7104 17896 "POST /file/paymentDetails HTTP/1.1" 200 9
INFO 2020-12-15 12:06:57,949 basehttp 7104 17896 "POST /file/initial-viewpayments HTTP/1.1" 200 4571
INFO 2020-12-15 12:07:54,501 basehttp 7104 17896 "POST /file/paymentDetails HTTP/1.1" 200 9
INFO 2020-12-15 12:07:55,189 basehttp 7104 17896 "POST /file/initial-viewpayments HTTP/1.1" 200 4407
INFO 2020-12-15 12:11:37,471 basehttp 7104 17896 "POST /file/paymentDetails HTTP/1.1" 200 9
INFO 2020-12-15 12:11:37,973 basehttp 7104 17896 "POST /file/initial-viewpayments HTTP/1.1" 200 4227
INFO 2020-12-15 12:11:54,790 basehttp 7104 17896 "POST /file/paymentDetails HTTP/1.1" 200 9
INFO 2020-12-15 12:11:55,422 basehttp 7104 17896 "POST /file/initial-viewpayments HTTP/1.1" 200 4075
INFO 2020-12-15 12:12:14,105 basehttp 7104 17896 "POST /file/paymentDetails HTTP/1.1" 200 9
INFO 2020-12-15 12:12:14,621 basehttp 7104 17896 "POST /file/initial-viewpayments HTTP/1.1" 200 3916
INFO 2020-12-15 12:12:28,440 basehttp 7104 17896 "POST /file/paymentDetails HTTP/1.1" 200 9
INFO 2020-12-15 12:12:28,924 basehttp 7104 17896 "POST /file/initial-viewpayments HTTP/1.1" 200 3749
INFO 2020-12-15 12:13:40,315 basehttp 7104 17896 "POST /file/paymentDetails HTTP/1.1" 200 9
INFO 2020-12-15 12:13:40,816 basehttp 7104 17896 "POST /file/initial-viewpayments HTTP/1.1" 200 3573
INFO 2020-12-15 12:13:55,896 basehttp 7104 17896 "POST /file/paymentDetails HTTP/1.1" 200 9
INFO 2020-12-15 12:13:56,599 basehttp 7104 17896 "POST /file/initial-viewpayments HTTP/1.1" 200 3407
INFO 2020-12-15 12:14:12,278 basehttp 7104 17896 "POST /file/paymentDetails HTTP/1.1" 200 9
INFO 2020-12-15 12:14:12,763 basehttp 7104 17896 "POST /file/initial-viewpayments HTTP/1.1" 200 3243
INFO 2020-12-15 12:14:25,456 basehttp 7104 17896 "POST /file/paymentDetails HTTP/1.1" 200 9
INFO 2020-12-15 12:14:25,947 basehttp 7104 17896 "POST /file/initial-viewpayments HTTP/1.1" 200 3078
INFO 2020-12-15 12:14:45,776 basehttp 7104 17896 "POST /file/paymentDetails HTTP/1.1" 200 9
INFO 2020-12-15 12:14:46,261 basehttp 7104 17896 "POST /file/initial-viewpayments HTTP/1.1" 200 2913
INFO 2020-12-15 12:14:55,311 basehttp 7104 17896 "POST /file/paymentDetails HTTP/1.1" 200 9
INFO 2020-12-15 12:14:55,796 basehttp 7104 17896 "POST /file/initial-viewpayments HTTP/1.1" 200 2749
INFO 2020-12-15 12:15:28,020 basehttp 7104 17896 "POST /file/paymentDetails HTTP/1.1" 200 9
INFO 2020-12-15 12:15:28,514 basehttp 7104 17896 "POST /file/initial-viewpayments HTTP/1.1" 200 2587
INFO 2020-12-15 12:15:43,928 basehttp 7104 17896 "POST /file/initial-viewpayments HTTP/1.1" 200 2587
INFO 2020-12-15 12:16:40,525 basehttp 7104 17896 "POST /file/paymentDetails HTTP/1.1" 200 9
INFO 2020-12-15 12:16:41,012 basehttp 7104 17896 "POST /file/initial-viewpayments HTTP/1.1" 200 2423
INFO 2020-12-15 12:16:56,055 basehttp 7104 17896 "POST /file/paymentDetails HTTP/1.1" 200 9
INFO 2020-12-15 12:16:56,546 basehttp 7104 17896 "POST /file/initial-viewpayments HTTP/1.1" 200 2253
INFO 2020-12-15 12:17:10,788 basehttp 7104 17896 "POST /file/paymentDetails HTTP/1.1" 200 9
INFO 2020-12-15 12:17:11,273 basehttp 7104 17896 "POST /file/initial-viewpayments HTTP/1.1" 200 2090
INFO 2020-12-15 12:17:49,318 basehttp 7104 17896 "POST /file/paymentDetails HTTP/1.1" 200 9
INFO 2020-12-15 12:17:49,799 basehttp 7104 17896 "POST /file/initial-viewpayments HTTP/1.1" 200 1915
INFO 2020-12-15 12:18:26,051 basehttp 7104 17896 "POST /file/paymentDetails HTTP/1.1" 200 9
INFO 2020-12-15 12:18:26,522 basehttp 7104 17896 "POST /file/initial-viewpayments HTTP/1.1" 200 1748
INFO 2020-12-15 12:19:27,672 basehttp 7104 17896 "OPTIONS /file/pending-viewpayments HTTP/1.1" 200 0
INFO 2020-12-15 12:19:28,014 basehttp 7104 17896 "POST /file/pending-viewpayments HTTP/1.1" 200 5693
INFO 2020-12-15 12:19:36,784 basehttp 7104 17896 "OPTIONS /file/viewpayments HTTP/1.1" 200 0
INFO 2020-12-15 12:19:37,128 basehttp 7104 17896 "POST /file/viewpayments HTTP/1.1" 200 5415
INFO 2020-12-15 12:19:57,105 basehttp 7104 17896 "OPTIONS /file/approvepayments HTTP/1.1" 200 0
INFO 2020-12-15 12:19:57,461 basehttp 7104 17896 "POST /file/approvepayments HTTP/1.1" 200 12
INFO 2020-12-15 12:20:01,002 basehttp 7104 17896 "POST /file/approvepayments HTTP/1.1" 200 12
INFO 2020-12-15 12:20:01,352 basehttp 7104 17896 "POST /file/viewpayments HTTP/1.1" 200 5135
INFO 2020-12-15 12:20:07,813 basehttp 7104 17896 "OPTIONS /file/previousPayments HTTP/1.1" 200 0
INFO 2020-12-15 12:20:08,126 basehttp 7104 17896 "POST /file/previousPayments HTTP/1.1" 200 292
INFO 2020-12-15 12:20:13,221 basehttp 7104 17896 "POST /file/previousPayments HTTP/1.1" 200 292
INFO 2020-12-15 12:20:19,233 basehttp 7104 17896 "POST /file/viewpayments HTTP/1.1" 200 5135
INFO 2020-12-15 12:20:45,391 autoreload 16704 3652 Watching for file changes with StatReloader
INFO 2020-12-15 12:21:48,997 basehttp 16704 18236 "POST /file/disbursements HTTP/1.1" 200 8698
INFO 2020-12-15 12:22:07,551 basehttp 16704 18236 "OPTIONS /file/viewpayments HTTP/1.1" 200 0
INFO 2020-12-15 12:22:07,590 basehttp 16704 18236 "POST /file/viewpayments HTTP/1.1" 200 22
INFO 2020-12-15 12:22:11,625 basehttp 16704 18236 "POST /file/viewpayments HTTP/1.1" 200 5135
INFO 2020-12-15 12:24:22,472 basehttp 16704 18236 "POST /file/viewpayments HTTP/1.1" 200 22
INFO 2020-12-15 12:24:27,691 basehttp 16704 18236 "POST /file/viewpayments HTTP/1.1" 200 5135
INFO 2020-12-15 12:27:28,277 basehttp 16704 18236 "OPTIONS /file/approvepayments HTTP/1.1" 200 0
INFO 2020-12-15 12:27:28,361 basehttp 16704 18236 "POST /file/approvepayments HTTP/1.1" 200 12
INFO 2020-12-15 12:27:28,408 basehttp 16704 18236 "POST /file/viewpayments HTTP/1.1" 200 2851
INFO 2020-12-15 12:27:38,345 basehttp 16704 18236 "POST /file/approvepayments HTTP/1.1" 200 12
INFO 2020-12-15 12:27:38,386 basehttp 16704 18236 "POST /file/viewpayments HTTP/1.1" 200 22
INFO 2020-12-15 12:27:40,870 basehttp 16704 18236 "POST /file/disbursements HTTP/1.1" 200 23115
INFO 2020-12-15 12:27:45,183 basehttp 16704 18236 "POST /file/disbursements HTTP/1.1" 200 13900
INFO 2020-12-15 12:28:07,438 basehttp 16704 3044 "POST /file/viewpayments HTTP/1.1" 200 22
INFO 2020-12-15 12:28:09,672 basehttp 16704 3044 "OPTIONS /file/disbursements HTTP/1.1" 200 0
INFO 2020-12-15 12:28:10,015 basehttp 16704 3044 "POST /file/disbursements HTTP/1.1" 200 23115
INFO 2020-12-15 12:28:14,314 basehttp 16704 3044 "POST /file/disbursements HTTP/1.1" 200 13900
INFO 2020-12-15 12:29:56,109 basehttp 16704 3044 "OPTIONS /file/ImagetoBase64 HTTP/1.1" 200 0
INFO 2020-12-15 12:29:56,453 basehttp 16704 3044 "POST /file/ImagetoBase64 HTTP/1.1" 200 26
INFO 2020-12-15 12:31:13,220 autoreload 16704 3652 E:\DSM\DjangoBack\Deviation\WeeklyUpload\views.py changed, reloading.
INFO 2020-12-15 12:31:14,072 autoreload 15400 18648 Watching for file changes with StatReloader
INFO 2020-12-15 12:33:21,901 basehttp 15400 14340 "POST /file/initial-viewpayments HTTP/1.1" 200 2466
INFO 2020-12-15 12:33:49,208 basehttp 15400 14340 "POST /file/paymentDetails HTTP/1.1" 200 9
INFO 2020-12-15 12:33:49,716 basehttp 15400 14340 "POST /file/initial-viewpayments HTTP/1.1" 200 2305
INFO 2020-12-15 12:34:07,335 basehttp 15400 16576 "POST /file/disbursements HTTP/1.1" 200 22887
INFO 2020-12-15 12:34:13,152 basehttp 15400 16576 "POST /file/disbursements HTTP/1.1" 200 13900
INFO 2020-12-15 12:34:13,908 basehttp 15400 11640 "GET /get-all-users HTTP/1.1" 200 94534
INFO 2020-12-15 12:34:16,670 basehttp 15400 14340 "POST /file/initial-viewpayments HTTP/1.1" 200 2305
INFO 2020-12-15 12:34:31,071 basehttp 15400 14340 "POST /file/paymentDetails HTTP/1.1" 200 9
INFO 2020-12-15 12:34:31,549 basehttp 15400 14340 "POST /file/initial-viewpayments HTTP/1.1" 200 2134
INFO 2020-12-15 12:34:34,832 basehttp 15400 14340 "POST /file/disbursements HTTP/1.1" 200 22649
INFO 2020-12-15 12:34:43,978 basehttp 15400 14340 "POST /file/disbursements HTTP/1.1" 200 13900
INFO 2020-12-15 12:35:20,731 basehttp 15400 14340 "POST /file/pending-viewpayments HTTP/1.1" 200 613
INFO 2020-12-15 12:35:22,724 basehttp 15400 14340 "POST /file/viewpayments HTTP/1.1" 200 590
INFO 2020-12-15 12:35:27,478 basehttp 15400 14340 "POST /file/approvepayments HTTP/1.1" 200 12
INFO 2020-12-15 12:35:27,869 basehttp 15400 14340 "POST /file/viewpayments HTTP/1.1" 200 22
INFO 2020-12-15 12:35:32,781 basehttp 15400 14340 "POST /file/disbursements HTTP/1.1" 200 23227
INFO 2020-12-15 12:35:47,022 basehttp 15400 14340 "POST /file/disbursements HTTP/1.1" 200 23227
INFO 2020-12-15 12:35:50,098 basehttp 15400 14340 "POST /file/disbursements HTTP/1.1" 200 14389
INFO 2020-12-15 12:37:47,764 basehttp 15400 14340 "GET /getallfullnames HTTP/1.1" 200 3731
INFO 2020-12-15 12:40:04,002 basehttp 15400 18796 "POST /file/disbursements HTTP/1.1" 200 14390
INFO 2020-12-15 12:40:08,160 basehttp 15400 14340 "GET /getallfullnames HTTP/1.1" 200 3731
INFO 2020-12-15 12:40:11,351 basehttp 15400 11704 "GET /get-all-users HTTP/1.1" 200 94534
INFO 2020-12-15 12:41:37,156 basehttp 15400 14340 "POST /file/disbursements HTTP/1.1" 200 14390
INFO 2020-12-15 12:46:51,074 basehttp 15400 13828 "POST /file/disbursements HTTP/1.1" 200 14390
INFO 2020-12-15 12:47:07,174 basehttp 15400 1840 "POST /file/disbursements HTTP/1.1" 200 14390
INFO 2020-12-15 12:47:11,523 basehttp 15400 18228 "GET /get-all-users HTTP/1.1" 200 94534
INFO 2020-12-15 12:50:28,410 basehttp 15400 13828 "POST /file/disbursements HTTP/1.1" 200 14390
INFO 2020-12-15 12:50:31,457 basehttp 15400 1840 "POST /file/disbursements HTTP/1.1" 200 14390
INFO 2020-12-15 12:50:31,800 basehttp 15400 18228 "GET /get-all-users HTTP/1.1" 200 94534
INFO 2020-12-15 12:52:11,836 basehttp 15400 13828 "POST /file/disbursements HTTP/1.1" 200 14390
INFO 2020-12-15 12:52:16,437 basehttp 15400 1840 "POST /file/disbursements HTTP/1.1" 200 14390
INFO 2020-12-15 12:52:25,936 basehttp 15400 18228 "GET /get-all-users HTTP/1.1" 200 94534
INFO 2020-12-15 12:53:25,503 basehttp 15400 13828 "POST /file/disbursements HTTP/1.1" 200 14390
INFO 2020-12-15 12:53:27,742 basehttp 15400 18228 "GET /get-all-users HTTP/1.1" 200 94534
INFO 2020-12-15 12:53:28,028 basehttp 15400 1840 "POST /file/disbursements HTTP/1.1" 200 14390
INFO 2020-12-15 12:54:52,613 basehttp 15400 13828 "POST /file/disbursements HTTP/1.1" 200 14390
INFO 2020-12-15 12:54:57,230 basehttp 15400 1840 "POST /file/disbursements HTTP/1.1" 200 14390
INFO 2020-12-15 12:55:00,591 basehttp 15400 18228 "GET /get-all-users HTTP/1.1" 200 94534
INFO 2020-12-15 12:56:53,154 basehttp 15400 13828 "POST /file/disbursements HTTP/1.1" 200 14390
INFO 2020-12-15 12:56:56,939 basehttp 15400 1840 "POST /file/disbursements HTTP/1.1" 200 14390
INFO 2020-12-15 12:57:04,794 basehttp 15400 13828 "POST /file/disbursements HTTP/1.1" 200 14390
INFO 2020-12-15 12:57:05,820 basehttp 15400 18228 "GET /get-all-users HTTP/1.1" 200 94534
INFO 2020-12-15 12:57:08,065 basehttp 15400 1840 "POST /file/disbursements HTTP/1.1" 200 14390
INFO 2020-12-15 13:00:52,097 basehttp 15400 15512 "POST /file/disbursements HTTP/1.1" 200 14390
INFO 2020-12-15 13:00:59,174 basehttp 15400 1840 "POST /file/disbursements HTTP/1.1" 200 14390
INFO 2020-12-15 13:01:00,858 basehttp 15400 18228 "GET /get-all-users HTTP/1.1" 200 94534
INFO 2020-12-15 13:02:47,388 basehttp 15400 15512 "POST /file/disbursements HTTP/1.1" 200 14390
INFO 2020-12-15 13:02:52,492 basehttp 15400 1840 "POST /file/disbursements HTTP/1.1" 200 14390
INFO 2020-12-15 13:02:56,826 basehttp 15400 18228 "GET /get-all-users HTTP/1.1" 200 94534
INFO 2020-12-15 13:05:52,520 basehttp 15400 18228 "GET /get-all-users HTTP/1.1" 200 94534
INFO 2020-12-15 13:05:52,559 basehttp 15400 15512 "POST /file/disbursements HTTP/1.1" 200 14390
INFO 2020-12-15 13:05:52,705 basehttp 15400 1840 "POST /file/disbursements HTTP/1.1" 200 14390
INFO 2020-12-15 13:08:00,662 basehttp 15400 15512 "POST /file/disbursements HTTP/1.1" 200 14390
INFO 2020-12-15 13:08:04,284 basehttp 15400 1840 "POST /file/disbursements HTTP/1.1" 200 14390
INFO 2020-12-15 13:08:07,737 basehttp 15400 18228 "GET /get-all-users HTTP/1.1" 200 94534
INFO 2020-12-15 13:09:54,831 basehttp 15400 15512 "POST /file/disbursements HTTP/1.1" 200 14390
INFO 2020-12-15 13:09:59,111 basehttp 15400 1840 "POST /file/disbursements HTTP/1.1" 200 14390
INFO 2020-12-15 13:10:03,273 basehttp 15400 18228 "GET /get-all-users HTTP/1.1" 200 94534
INFO 2020-12-15 13:10:44,925 basehttp 15400 15512 "POST /file/disbursements HTTP/1.1" 200 14390
INFO 2020-12-15 13:10:49,082 basehttp 15400 1840 "POST /file/disbursements HTTP/1.1" 200 14390
INFO 2020-12-15 13:10:49,925 basehttp 15400 15512 "POST /file/disbursements HTTP/1.1" 200 14390
INFO 2020-12-15 13:10:53,158 basehttp 15400 18228 "GET /get-all-users HTTP/1.1" 200 94534
INFO 2020-12-15 13:12:02,606 basehttp 15400 1472 "POST /file/disbursements HTTP/1.1" 200 14390
INFO 2020-12-15 13:12:11,086 basehttp 15400 1840 "POST /file/disbursements HTTP/1.1" 200 14390
INFO 2020-12-15 13:12:19,592 basehttp 15400 18228 "GET /get-all-users HTTP/1.1" 200 94534
INFO 2020-12-15 13:56:13,424 basehttp 15400 17156 "OPTIONS /file/disbursements HTTP/1.1" 200 0
INFO 2020-12-15 13:56:13,520 basehttp 15400 17156 "POST /file/disbursements HTTP/1.1" 200 14390
INFO 2020-12-15 13:56:15,688 basehttp 15400 9588 "GET /get-all-users HTTP/1.1" 200 94534
INFO 2020-12-15 13:56:15,751 basehttp 15400 19128 "POST /file/disbursements HTTP/1.1" 200 14390
INFO 2020-12-15 14:10:31,064 basehttp 15400 16576 "POST /file/disbursements HTTP/1.1" 200 14390
INFO 2020-12-15 14:10:37,580 basehttp 15400 5732 "POST /file/disbursements HTTP/1.1" 200 14390
INFO 2020-12-15 14:10:40,932 basehttp 15400 13904 "GET /get-all-users HTTP/1.1" 200 94534
INFO 2020-12-15 14:11:41,018 basehttp 15400 3112 "POST /file/disbursements HTTP/1.1" 200 14390
INFO 2020-12-15 14:11:43,066 basehttp 15400 13904 "GET /get-all-users HTTP/1.1" 200 94534
INFO 2020-12-15 14:11:43,305 basehttp 15400 5732 "POST /file/disbursements HTTP/1.1" 200 14390
INFO 2020-12-15 14:12:21,104 basehttp 15400 11144 "POST /file/disbursements HTTP/1.1" 200 14390
INFO 2020-12-15 14:12:23,664 basehttp 15400 5732 "POST /file/disbursements HTTP/1.1" 200 14390
INFO 2020-12-15 14:12:27,347 basehttp 15400 13904 "GET /get-all-users HTTP/1.1" 200 94534
INFO 2020-12-15 14:13:57,935 basehttp 15400 10928 "POST /file/disbursements HTTP/1.1" 200 14390
INFO 2020-12-15 14:14:00,745 basehttp 15400 5732 "POST /file/disbursements HTTP/1.1" 200 14390
INFO 2020-12-15 14:14:04,324 basehttp 15400 13904 "GET /get-all-users HTTP/1.1" 200 94534
INFO 2020-12-15 14:14:57,945 basehttp 15400 2032 "POST /file/disbursements HTTP/1.1" 200 14390
INFO 2020-12-15 14:15:01,002 basehttp 15400 5732 "POST /file/disbursements HTTP/1.1" 200 14390
INFO 2020-12-15 14:15:04,714 basehttp 15400 13904 "GET /get-all-users HTTP/1.1" 200 94534
INFO 2020-12-15 14:15:39,039 basehttp 15400 5440 "GET /get-mo-users HTTP/1.1" 200 730
INFO 2020-12-15 14:15:51,940 basehttp 15400 6824 "OPTIONS /file/temp-disbursements HTTP/1.1" 200 0
INFO 2020-12-15 14:15:52,069 basehttp 15400 6824 "POST /file/temp-disbursements HTTP/1.1" 200 9
INFO 2020-12-15 14:16:06,848 basehttp 15400 4204 "OPTIONS /api-token-login/ HTTP/1.1" 200 0
INFO 2020-12-15 14:16:07,057 basehttp 15400 4204 "POST /api-token-login/ HTTP/1.1" 200 9628
INFO 2020-12-15 14:16:07,159 basehttp 15400 4204 "POST /pendingUsers HTTP/1.1" 200 110
INFO 2020-12-15 14:16:09,407 basehttp 15400 4204 "OPTIONS /file/disbursements HTTP/1.1" 200 0
INFO 2020-12-15 14:16:09,474 basehttp 15400 4204 "POST /file/disbursements HTTP/1.1" 200 20897
INFO 2020-12-15 14:17:45,091 autoreload 15400 18648 E:\DSM\DjangoBack\Deviation\WeeklyUpload\views.py changed, reloading.
INFO 2020-12-15 14:17:45,914 autoreload 12008 18364 Watching for file changes with StatReloader
INFO 2020-12-15 14:18:08,374 autoreload 12008 18364 E:\DSM\DjangoBack\Deviation\WeeklyUpload\views.py changed, reloading.
INFO 2020-12-15 14:18:09,150 autoreload 14468 15544 Watching for file changes with StatReloader
INFO 2020-12-15 14:18:51,595 basehttp 14468 10496 "POST /file/disbursements HTTP/1.1" 200 20885
INFO 2020-12-15 14:18:55,422 autoreload 14468 15544 E:\DSM\DjangoBack\Deviation\WeeklyUpload\views.py changed, reloading.
INFO 2020-12-15 14:18:56,262 autoreload 12072 7684 Watching for file changes with StatReloader
INFO 2020-12-15 14:19:08,646 autoreload 12072 7684 E:\DSM\DjangoBack\Deviation\WeeklyUpload\views.py changed, reloading.
INFO 2020-12-15 14:19:09,455 autoreload 8300 13072 Watching for file changes with StatReloader
INFO 2020-12-15 14:21:22,353 basehttp 8300 14828 "POST /file/disbursements HTTP/1.1" 200 20897
INFO 2020-12-15 14:21:22,906 basehttp 8300 5432 "POST /file/disbursements HTTP/1.1" 200 20885
INFO 2020-12-15 14:21:28,910 basehttp 8300 19032 "POST /file/disbursements HTTP/1.1" 200 20885
INFO 2020-12-15 14:21:32,095 basehttp 8300 10496 "GET /get-all-users HTTP/1.1" 200 94534
INFO 2020-12-15 14:22:28,156 basehttp 8300 17732 "OPTIONS /file/ForwardAuth HTTP/1.1" 200 0
INFO 2020-12-15 14:22:28,190 basehttp 8300 17732 "POST /file/ForwardAuth HTTP/1.1" 200 9
INFO 2020-12-15 14:22:35,647 basehttp 8300 12484 "POST /file/disbursements HTTP/1.1" 200 20885
INFO 2020-12-15 14:22:57,641 basehttp 8300 8256 "POST /api-token-login/ HTTP/1.1" 200 9620
INFO 2020-12-15 14:22:58,008 basehttp 8300 8256 "POST /pendingUsers HTTP/1.1" 200 110
INFO 2020-12-15 14:23:02,314 basehttp 8300 8256 "POST /file/disbursements HTTP/1.1" 200 20901
INFO 2020-12-15 14:23:28,234 basehttp 8300 8256 "POST /file/ForwardAuth HTTP/1.1" 200 15
INFO 2020-12-15 14:23:32,350 basehttp 8300 8256 "POST /file/disbursements HTTP/1.1" 200 20566
INFO 2020-12-15 14:23:39,714 basehttp 8300 8268 "OPTIONS /file/ImagetoBase64 HTTP/1.1" 200 0
INFO 2020-12-15 14:23:39,750 basehttp 8300 8268 "POST /file/ImagetoBase64 HTTP/1.1" 200 377042
INFO 2020-12-15 14:27:19,148 autoreload 8300 13072 E:\DSM\DjangoBack\Deviation\Deviation\settings.py changed, reloading.
